2023-12-19 09:09:04,055 - TestAutomation-Web -INFO - Browser Maximize
2023-12-19 09:09:04,055 [main] INFO TestAutomation-Web - Browser Maximize
2023-12-19 09:09:09,299 - TestAutomation-Web -INFO - Url Entered
2023-12-19 09:09:09,299 [main] INFO TestAutomation-Web - Url Entered
2023-12-19 09:09:17,907 - TestAutomation-Web -INFO - Login success
2023-12-19 09:09:17,907 [main] INFO TestAutomation-Web - Login success
2023-12-19 12:28:44,758 - TestAutomation-Web -INFO - Browser Maximize
2023-12-19 12:28:44,758 [main] INFO TestAutomation-Web - Browser Maximize
2023-12-19 12:28:50,157 - TestAutomation-Web -INFO - Url Entered
2023-12-19 12:28:50,157 [main] INFO TestAutomation-Web - Url Entered
2023-12-19 12:35:28,505 - TestAutomation-Web -INFO - Browser Maximize
2023-12-19 12:35:28,505 [main] INFO TestAutomation-Web - Browser Maximize
2023-12-19 12:35:34,746 - TestAutomation-Web -INFO - Url Entered
2023-12-19 12:35:34,746 [main] INFO TestAutomation-Web - Url Entered
2023-12-19 12:39:25,963 - TestAutomation-Web -INFO - Browser Maximize
2023-12-19 12:39:25,963 [main] INFO TestAutomation-Web - Browser Maximize
2023-12-19 12:39:32,456 - TestAutomation-Web -INFO - Url Entered
2023-12-19 12:39:32,456 [main] INFO TestAutomation-Web - Url Entered
2023-12-19 12:39:38,903 - TestAutomation-Web -INFO - Login success
2023-12-19 12:39:38,903 [main] INFO TestAutomation-Web - Login success
2023-12-19 13:05:13,061 - TestAutomation-Web -INFO - Browser Maximize
2023-12-19 13:05:13,061 [main] INFO TestAutomation-Web - Browser Maximize
2023-12-19 13:05:22,746 - TestAutomation-Web -INFO - Url Entered
2023-12-19 13:05:22,746 [main] INFO TestAutomation-Web - Url Entered
2023-12-19 13:05:28,742 - TestAutomation-Web -INFO - Login success
2023-12-19 13:05:28,742 [main] INFO TestAutomation-Web - Login success
2023-12-19 17:55:54,069 - TestAutomation-Web -INFO - Browser Maximize
2023-12-19 17:55:54,069 [main] INFO TestAutomation-Web - Browser Maximize
2023-12-19 17:56:00,516 - TestAutomation-Web -INFO - Url Entered
2023-12-19 17:56:00,516 [main] INFO TestAutomation-Web - Url Entered
2023-12-19 19:26:51,795 - TestAutomation-Web -INFO - Browser Maximize
2023-12-19 19:26:51,795 [main] INFO TestAutomation-Web - Browser Maximize
2023-12-19 19:27:03,068 - TestAutomation-Web -INFO - Url Entered
2023-12-19 19:27:03,068 [main] INFO TestAutomation-Web - Url Entered
2023-12-19 19:27:30,596 - TestAutomation-Web -INFO - Login success
2023-12-19 19:27:30,596 [main] INFO TestAutomation-Web - Login success
2023-12-19 20:31:45,313 - TestAutomation-Web -INFO - Browser Maximize
2023-12-19 20:31:45,313 [main] INFO TestAutomation-Web - Browser Maximize
2023-12-19 20:31:52,652 - TestAutomation-Web -INFO - Url Entered
2023-12-19 20:31:52,652 [main] INFO TestAutomation-Web - Url Entered
2023-12-19 20:31:59,013 - TestAutomation-Web -INFO - Login success
2023-12-19 20:31:59,013 [main] INFO TestAutomation-Web - Login success
2023-12-19 23:18:37,607 - TestAutomation-Web -INFO - Browser Maximize
2023-12-19 23:18:37,607 [main] INFO TestAutomation-Web - Browser Maximize
2023-12-19 23:18:41,703 - TestAutomation-Web -INFO - Url Entered
2023-12-19 23:18:41,703 [main] INFO TestAutomation-Web - Url Entered
2023-12-19 23:18:49,638 - TestAutomation-Web -INFO - Login success
2023-12-19 23:18:49,638 [main] INFO TestAutomation-Web - Login success
